#0 building with "default" instance using docker driver

#1 [internal] load build definition from Dockerfile
#1 transferring dockerfile: 2.38kB done
#1 DONE 0.0s

#2 [internal] load metadata for docker.io/library/node:22-alpine
#2 DONE 0.6s

#3 [internal] load .dockerignore
#3 transferring context: 484B done
#3 DONE 0.0s

#4 [1/8] FROM docker.io/library/node:22-alpine@sha256:e58326d0d441090181ac150dc2078d3e2cf6a0d42e809aebba3ef5880935ffdd
#4 resolve docker.io/library/node:22-alpine@sha256:e58326d0d441090181ac150dc2078d3e2cf6a0d42e809aebba3ef5880935ffdd 0.0s done
#4 DONE 0.0s

#5 [internal] load build context
#5 transferring context: 243.07kB 0.0s done
#5 DONE 0.0s

#6 [2/8] WORKDIR /app
#6 CACHED

#7 [3/8] COPY deploy/kind/control-plane/package.json ./
#7 CACHED

#8 [4/8] RUN npm install --omit=dev --no-audit --no-fund   && ln -sfn /app/node_modules /node_modules
#8 CACHED

#9 [5/8] COPY deploy/kind/control-plane/server.mjs deploy/kind/control-plane/routes.mjs      deploy/kind/control-plane/kc-admin.mjs deploy/kind/control-plane/tenant-store.mjs      deploy/kind/control-plane/b-handlers.mjs deploy/kind/control-plane/auth-handlers.mjs      deploy/kind/control-plane/saga.mjs deploy/kind/control-plane/dataplane.mjs      deploy/kind/control-plane/schema-retry.mjs deploy/kind/control-plane/tenant-scope.mjs      deploy/kind/control-plane/governance-schema.mjs deploy/kind/control-plane/workspace-quota.mjs      deploy/kind/control-plane/metrics-handlers.mjs deploy/kind/control-plane/metrics-registry.mjs      deploy/kind/control-plane/storage-handlers.mjs      deploy/kind/control-plane/mongo-handlers.mjs deploy/kind/control-plane/pg-handlers.mjs      deploy/kind/control-plane/kafka-handlers.mjs      deploy/kind/control-plane/fn-handlers.mjs deploy/kind/control-plane/function-executor.mjs      deploy/kind/control-plane/route-map.runtime.json ./
#9 DONE 0.1s

#10 [6/8] COPY services/provisioning-orchestrator /repo/services/provisioning-orchestrator
#10 DONE 0.0s

#11 [7/8] COPY services/internal-contracts        /repo/services/internal-contracts
#11 DONE 0.0s

#12 [8/8] COPY apps/control-plane                 /repo/apps/control-plane
#12 DONE 0.0s

#13 exporting to image
#13 exporting layers
#13 exporting layers 0.2s done
#13 exporting manifest sha256:22a895c653968780a53905223d7794847b51cf1601b8ae5f9ad4590c8b0e42ad done
#13 exporting config sha256:cc9185322b030c9533c3c435f9fed1e3ef9bb51583110835c6c094884d3f771c done
#13 exporting attestation manifest sha256:3c1e7079bcb6baff055eed68a7be7dc5df9eba61dfa41c755f0c9aaba061cb2c 0.0s done
#13 exporting manifest list sha256:2795cdb219ad72f891a91f92e5239906af84297c8c78f35940d01a4ab4f78809 done
#13 naming to localhost:5000/in-falcone-control-plane:p1fix-20260618 done
#13 unpacking to localhost:5000/in-falcone-control-plane:p1fix-20260618 0.1s done
#13 DONE 0.3s
