===== TEARDOWN Wed Jun 17 14:34:49 UTC 2026 =====
== 1/5 helm uninstall ==
These resources were kept due to the resource policy:
[Secret] in-falcone-seaweedfs-s3-creds
[Secret] in-falcone-seaweedfs-s3-config

release "falcone" uninstalled
== 2/5 delete namespace falcone (waits for full removal) ==
namespace "falcone" deleted
== 3/5 delete cluster-scoped objects the chart created ==
== 4/5 delete vault auxiliary namespaces ==
== 5/5 poll until namespace falcone is fully gone ==
namespace falcone is gone.

== final state ==
-- namespaces (falcone/secret-store/eso-system should be absent) --
  (none present — OK)
-- residual chart cluster-roles (should be none) --
clusterrolebinding.rbac.authorization.k8s.io/vault-vault-kubernetes-auth-clients                             ClusterRole/system:auth-delegator                                                  16d
-- residual helm release secrets (should be none) --
  (none present — OK)

Teardown complete.
===== INSTALL Wed Jun 17 14:36:23 UTC 2026 =====
### Falcone from-scratch install (tag campaign-20260617) into namespace falcone ###
== (a) namespace ==
namespace/falcone created
== (a2) registry + image re-push ==
persistentvolumeclaim/registry-data created
deployment.apps/registry created
service/registry created
Waiting for deployment "registry" rollout to finish: 0 of 1 updated replicas are available...
deployment "registry" successfully rolled out
[14:36:27] port-forward svc/registry 5000:5000
registry /v2/ -> 200
[14:36:31] push in-falcone-control-plane:campaign-20260617
[14:36:32]   OK in-falcone-control-plane
[14:36:32] push in-falcone-control-plane-executor:campaign-20260617
[14:36:33]   OK in-falcone-control-plane-executor
[14:36:33] push in-falcone-fn-runtime:campaign-20260617
[14:36:34]   OK in-falcone-fn-runtime
[14:36:34] push in-falcone-web-console:campaign-20260617
[14:36:34]   OK in-falcone-web-console
[14:36:34] verify tags present in registry:
{"name":"in-falcone-control-plane","tags":["campaign-20260617"]}

{"name":"in-falcone-control-plane-executor","tags":["campaign-20260617"]}

{"name":"in-falcone-fn-runtime","tags":["campaign-20260617"]}

{"name":"in-falcone-web-console","tags":["campaign-20260617"]}

[14:36:34] DONE rc=0
== (b) secrets ==
Authoring Falcone platform secrets in namespace falcone ...
secret/in-falcone-postgresql created
  secret/in-falcone-postgresql
secret/in-falcone-documentdb created
  secret/in-falcone-documentdb
secret/in-falcone-ferretdb created
  secret/in-falcone-ferretdb
secret/in-falcone-documentdb-replication created
  secret/in-falcone-documentdb-replication
secret/in-falcone-kafka created
  secret/in-falcone-kafka
secret/in-falcone-storage created
  secret/in-falcone-storage
secret/in-falcone-keycloak-admin created
  secret/in-falcone-keycloak-admin
secret/in-falcone-identity-client created
  secret/in-falcone-identity-client
secret/in-falcone-superadmin created
  secret/in-falcone-superadmin
secret/in-falcone-apisix-admin created
  secret/in-falcone-apisix-admin
secret/in-falcone-seaweedfs-s3-creds created
  secret/in-falcone-seaweedfs-s3-creds
secret/in-falcone-dev-api-tls created
  secret/in-falcone-dev-api-tls (tls)
secret/in-falcone-dev-console-tls created
  secret/in-falcone-dev-console-tls (tls)
secret/in-falcone-dev-identity-tls created
  secret/in-falcone-dev-identity-tls (tls)
secret/in-falcone-dev-realtime-tls created
  secret/in-falcone-dev-realtime-tls (tls)

Done. Created/updated secrets:
  Opaque: in-falcone-postgresql in-falcone-documentdb in-falcone-ferretdb
          in-falcone-documentdb-replication in-falcone-kafka in-falcone-storage
          in-falcone-keycloak-admin in-falcone-identity-client in-falcone-superadmin
          in-falcone-apisix-admin in-falcone-seaweedfs-s3-creds
  TLS:    in-falcone-dev-api-tls in-falcone-dev-console-tls
          in-falcone-dev-identity-tls in-falcone-dev-realtime-tls
(in-falcone-seaweedfs-s3-config is derived by the chart from the pinned creds)
== (c) helm dependency build ==
Hang tight while we grab the latest from your chart repositories...
...Successfully got an update from the "seaweedfs" chart repository
Update Complete. ⎈Happy Helming!⎈
Saving 14 charts
Downloading seaweedfs from repo https://seaweedfs.github.io/seaweedfs/helm
Deleting outdated charts
== (d) helm upgrade --install ==
Release "falcone" does not exist. Installing it now.
Error: unable to continue with install: Secret "in-falcone-seaweedfs-s3-creds" in namespace "falcone" exists and cannot be imported into the current release: invalid ownership metadata; label validation error: missing key "app.kubernetes.io/managed-by": must be set to "Helm"; annotation validation error: missing key "meta.helm.sh/release-name": must be set to "falcone"; annotation validation error: missing key "meta.helm.sh/release-namespace": must be set to "falcone"
===== REINSTALL DONE rc=1 Wed Jun 17 14:36:37 UTC 2026 =====
